Added Component: Designator=J3(MOLEX_32PIN)
Add component. Clean all parameters for all variants
Add component (AddParameter): Name = "Supplier 1"; Value = "Digi-Key"; VariantName = "[No Variations]"
Added Pin To Net: NetName=GND Pin=J3-1
Added Pin To Net: NetName=GND Pin=J3-2
Added Pin To Net: NetName=GND Pin=J3-3
Added Pin To Net: NetName=GND Pin=J3-4
Added Pin To Net: NetName=GND Pin=J3-5
Added Pin To Net: NetName=GND Pin=J3-6
Added Pin To Net: NetName=GND Pin=J3-7
Added Pin To Net: NetName=GND Pin=J3-8
Added Pin To Net: NetName=GND Pin=J3-9
Added Pin To Net: NetName=GND Pin=J3-10
Added Pin To Net: NetName=GND Pin=J3-11
Added Pin To Net: NetName=GND Pin=J3-12
Added Pin To Net: NetName=GND Pin=J3-13
Added Pin To Net: NetName=GND Pin=J3-14
Added Pin To Net: NetName=GND Pin=J3-15
Added Pin To Net: NetName=GND Pin=J3-16
Added Pin To Net: NetName=12V_OUT Pin=J3-17
Added Pin To Net: NetName=12V_OUT Pin=J3-18
Added Pin To Net: NetName=12V_OUT Pin=J3-19
Added Pin To Net: NetName=12V_OUT Pin=J3-20
Added Pin To Net: NetName=12V_OUT Pin=J3-21
Added Pin To Net: NetName=12V_OUT Pin=J3-22
Added Pin To Net: NetName=12V_OUT Pin=J3-23
Added Pin To Net: NetName=12V_OUT Pin=J3-24
Added Pin To Net: NetName=5V_OUT Pin=J3-25
Added Pin To Net: NetName=5V_OUT Pin=J3-26
Added Pin To Net: NetName=5V_OUT Pin=J3-27
Added Pin To Net: NetName=5V_OUT Pin=J3-28
Added Pin To Net: NetName=5V_OUT Pin=J3-29
Added Pin To Net: NetName=5V_OUT Pin=J3-30
Added Pin To Net: NetName=5V_OUT Pin=J3-31
Added Pin To Net: NetName=5V_OUT Pin=J3-32
Added Class: Name=J3_Nets
Added Member To Class: ClassName=PDB_design Member=Component J3 0559593230
Added Room: Name=PDB_design
