Removed Pin From Net: NetName=5V_OUT Pin=F4-2
Removed Pin From Net: NetName=5V_OUT Pin=F5-2
Added Component: Designator=F9(FUSE)
Add component. Clean all parameters for all variants
Add component (AddParameter): Name = "LatestRevisionDate"; Value = "17-Jul-2002"; VariantName = "[No Variations]"
Add component (AddParameter): Name = "LatestRevisionNote"; Value = "Re-released for DXP Platform."; VariantName = "[No Variations]"
Add component (AddParameter): Name = "PackageDescription"; Value = "Thru-Hole; 2 Leads"; VariantName = "[No Variations]"
Add component (AddParameter): Name = "PackageReference"; Value = "PIN-W2/E2.8"; VariantName = "[No Variations]"
Add component (AddParameter): Name = "Published"; Value = "8-Jun-2000"; VariantName = "[No Variations]"
Add component (AddParameter): Name = "Publisher"; Value = "Altium Limited"; VariantName = "[No Variations]"
Added Component: Designator=F10(FUSE)
Add component. Clean all parameters for all variants
Add component (AddParameter): Name = "LatestRevisionDate"; Value = "17-Jul-2002"; VariantName = "[No Variations]"
Add component (AddParameter): Name = "LatestRevisionNote"; Value = "Re-released for DXP Platform."; VariantName = "[No Variations]"
Add component (AddParameter): Name = "PackageDescription"; Value = "Thru-Hole; 2 Leads"; VariantName = "[No Variations]"
Add component (AddParameter): Name = "PackageReference"; Value = "PIN-W2/E2.8"; VariantName = "[No Variations]"
Add component (AddParameter): Name = "Published"; Value = "8-Jun-2000"; VariantName = "[No Variations]"
Add component (AddParameter): Name = "Publisher"; Value = "Altium Limited"; VariantName = "[No Variations]"
Added Component: Designator=F11(FUSE)
Add component. Clean all parameters for all variants
Add component (AddParameter): Name = "LatestRevisionDate"; Value = "17-Jul-2002"; VariantName = "[No Variations]"
Add component (AddParameter): Name = "LatestRevisionNote"; Value = "Re-released for DXP Platform."; VariantName = "[No Variations]"
Add component (AddParameter): Name = "PackageDescription"; Value = "Thru-Hole; 2 Leads"; VariantName = "[No Variations]"
Add component (AddParameter): Name = "PackageReference"; Value = "PIN-W2/E2.8"; VariantName = "[No Variations]"
Add component (AddParameter): Name = "Published"; Value = "8-Jun-2000"; VariantName = "[No Variations]"
Add component (AddParameter): Name = "Publisher"; Value = "Altium Limited"; VariantName = "[No Variations]"
Added Component: Designator=F12(FUSE)
Add component. Clean all parameters for all variants
Add component (AddParameter): Name = "LatestRevisionDate"; Value = "17-Jul-2002"; VariantName = "[No Variations]"
Add component (AddParameter): Name = "LatestRevisionNote"; Value = "Re-released for DXP Platform."; VariantName = "[No Variations]"
Add component (AddParameter): Name = "PackageDescription"; Value = "Thru-Hole; 2 Leads"; VariantName = "[No Variations]"
Add component (AddParameter): Name = "PackageReference"; Value = "PIN-W2/E2.8"; VariantName = "[No Variations]"
Add component (AddParameter): Name = "Published"; Value = "8-Jun-2000"; VariantName = "[No Variations]"
Add component (AddParameter): Name = "Publisher"; Value = "Altium Limited"; VariantName = "[No Variations]"
Added Component: Designator=J2(PDB_OUT)
Add component. Clean all parameters for all variants
Added Pin To Net: NetName=12V_OUT Pin=F4-2
Added Pin To Net: NetName=12V_OUT Pin=F5-2
Added Pin To Net: NetName=5V_OUT Pin=F9-2
Added Pin To Net: NetName=5V_OUT Pin=F10-2
Added Pin To Net: NetName=5V_OUT Pin=F11-2
Added Pin To Net: NetName=5V_OUT Pin=F12-2
Added Pin To Net: NetName=NetF1_1 Pin=J2-1
Added Pin To Net: NetName=NetF2_1 Pin=J2-2
Added Pin To Net: NetName=NetF3_1 Pin=J2-3
Added Pin To Net: NetName=NetF4_1 Pin=J2-4
Added Pin To Net: NetName=NetF5_1 Pin=J2-5
Added Pin To Net: NetName=NetF6_1 Pin=J2-6
Added Pin To Net: NetName=NetF7_1 Pin=J2-7
Added Pin To Net: NetName=NetF8_1 Pin=J2-8
Added Pin To Net: NetName=GND Pin=J2-13
Added Pin To Net: NetName=GND Pin=J2-14
Added Pin To Net: NetName=GND Pin=J2-15
Added Pin To Net: NetName=GND Pin=J2-16
Added Pin To Net: NetName=GND Pin=J2-17
Added Pin To Net: NetName=GND Pin=J2-18
Added Pin To Net: NetName=GND Pin=J2-19
Added Pin To Net: NetName=GND Pin=J2-20
Added Pin To Net: NetName=GND Pin=J2-21
Added Pin To Net: NetName=GND Pin=J2-22
Added Pin To Net: NetName=GND Pin=J2-23
Added Pin To Net: NetName=GND Pin=J2-24
Added Pin To Net: NetName=NetF9_1 Pin=F9-1
Added Pin To Net: NetName=NetF9_1 Pin=J2-9
Added Net: Name=NetF9_1
Added Pin To Net: NetName=NetF10_1 Pin=F10-1
Added Pin To Net: NetName=NetF10_1 Pin=J2-10
Added Net: Name=NetF10_1
Added Pin To Net: NetName=NetF11_1 Pin=F11-1
Added Pin To Net: NetName=NetF11_1 Pin=J2-11
Added Net: Name=NetF11_1
Added Pin To Net: NetName=NetF12_1 Pin=F12-1
Added Pin To Net: NetName=NetF12_1 Pin=J2-12
Added Net: Name=NetF12_1
Added Member To Class: ClassName=NEW_PDB Member=Component F9 Fuse
Added Member To Class: ClassName=NEW_PDB Member=Component F10 Fuse
Added Member To Class: ClassName=NEW_PDB Member=Component F11 Fuse
Added Member To Class: ClassName=NEW_PDB Member=Component F12 Fuse
Added Member To Class: ClassName=NEW_PDB Member=Component J2 5-794620-4
Added Room: Name=NEW_PDB
