Added Component: Designator=J2(PDB_OUT)
Add component. Clean all parameters for all variants
Added Pin To Net: NetName=NetF1_1 Pin=J2-1
Added Pin To Net: NetName=NetF2_1 Pin=J2-2
Added Pin To Net: NetName=NetF3_1 Pin=J2-3
Added Pin To Net: NetName=NetF4_1 Pin=J2-4
Added Pin To Net: NetName=NetF5_1 Pin=J2-5
Added Pin To Net: NetName=NetF6_1 Pin=J2-6
Added Pin To Net: NetName=NetF7_1 Pin=J2-7
Added Pin To Net: NetName=NetF8_1 Pin=J2-8
Added Pin To Net: NetName=NetF9_1 Pin=J2-9
Added Pin To Net: NetName=NetF10_1 Pin=J2-10
Added Pin To Net: NetName=NetF11_1 Pin=J2-11
Added Pin To Net: NetName=NetF12_1 Pin=J2-12
Added Pin To Net: NetName=GND Pin=J2-13
Added Pin To Net: NetName=GND Pin=J2-14
Added Pin To Net: NetName=GND Pin=J2-15
Added Pin To Net: NetName=GND Pin=J2-16
Added Pin To Net: NetName=GND Pin=J2-17
Added Pin To Net: NetName=GND Pin=J2-18
Added Pin To Net: NetName=GND Pin=J2-19
Added Pin To Net: NetName=GND Pin=J2-20
Added Pin To Net: NetName=GND Pin=J2-21
Added Pin To Net: NetName=GND Pin=J2-22
Added Pin To Net: NetName=GND Pin=J2-23
Added Pin To Net: NetName=GND Pin=J2-24
Added Member To Class: ClassName=NEW_PDB Member=Component J2 5-794620-4
Added Room: Name=NEW_PDB
