Added Net: Name=5V_OUT
Added Net: Name=12V_OUT
Added Net: Name=BOOTSTRAP_5V
Added Net: Name=DRAIN
Added Net: Name=EN_5V
Added Net: Name=FB_5V
Added Net: Name=FB
Added Net: Name=FLT
Added Net: Name=GND
Added Net: Name=IC_GATE
Added Net: Name=NetLED1_1
Added Net: Name=NetLED2_1
Added Net: Name=NetLED3_1
Added Net: Name=NetQ1_1
Added Net: Name=OV
Added Net: Name=SNS
Added Net: Name=SS_5V
Added Net: Name=SW_5V
Added Net: Name=TMR
Added Net: Name=UV
Added Net: Name=VREG_5V
Added Class: Name=PDB
Added Room: Name=PDB
