Removed Pin From Net: NetName=12V_OUT Pin=J2-1
Removed Pin From Net: NetName=12V_OUT Pin=J2-2
Removed Pin From Net: NetName=12V_OUT Pin=J2-3
Removed Pin From Net: NetName=5V_OUT Pin=J2-4
Removed Pin From Net: NetName=5V_OUT Pin=J2-5
Removed Pin From Net: NetName=5V_OUT Pin=J2-6
Removed Pin From Net: NetName=5V_OUT Pin=J2-7
Removed Pin From Net: NetName=5V_OUT Pin=J2-8
Added Component: Designator=F1(FUSE)
Add component. Clean all parameters for all variants
Add component (AddParameter): Name = "LatestRevisionDate"; Value = "17-Jul-2002"; VariantName = "[No Variations]"
Add component (AddParameter): Name = "LatestRevisionNote"; Value = "Re-released for DXP Platform."; VariantName = "[No Variations]"
Add component (AddParameter): Name = "PackageDescription"; Value = "Thru-Hole; 2 Leads"; VariantName = "[No Variations]"
Add component (AddParameter): Name = "PackageReference"; Value = "PIN-W2/E2.8"; VariantName = "[No Variations]"
Add component (AddParameter): Name = "Published"; Value = "8-Jun-2000"; VariantName = "[No Variations]"
Add component (AddParameter): Name = "Publisher"; Value = "Altium Limited"; VariantName = "[No Variations]"
Added Component: Designator=F2(FUSE)
Add component. Clean all parameters for all variants
Add component (AddParameter): Name = "LatestRevisionDate"; Value = "17-Jul-2002"; VariantName = "[No Variations]"
Add component (AddParameter): Name = "LatestRevisionNote"; Value = "Re-released for DXP Platform."; VariantName = "[No Variations]"
Add component (AddParameter): Name = "PackageDescription"; Value = "Thru-Hole; 2 Leads"; VariantName = "[No Variations]"
Add component (AddParameter): Name = "PackageReference"; Value = "PIN-W2/E2.8"; VariantName = "[No Variations]"
Add component (AddParameter): Name = "Published"; Value = "8-Jun-2000"; VariantName = "[No Variations]"
Add component (AddParameter): Name = "Publisher"; Value = "Altium Limited"; VariantName = "[No Variations]"
Added Component: Designator=F3(FUSE)
Add component. Clean all parameters for all variants
Add component (AddParameter): Name = "LatestRevisionDate"; Value = "17-Jul-2002"; VariantName = "[No Variations]"
Add component (AddParameter): Name = "LatestRevisionNote"; Value = "Re-released for DXP Platform."; VariantName = "[No Variations]"
Add component (AddParameter): Name = "PackageDescription"; Value = "Thru-Hole; 2 Leads"; VariantName = "[No Variations]"
Add component (AddParameter): Name = "PackageReference"; Value = "PIN-W2/E2.8"; VariantName = "[No Variations]"
Add component (AddParameter): Name = "Published"; Value = "8-Jun-2000"; VariantName = "[No Variations]"
Add component (AddParameter): Name = "Publisher"; Value = "Altium Limited"; VariantName = "[No Variations]"
Added Component: Designator=F4(FUSE)
Add component. Clean all parameters for all variants
Add component (AddParameter): Name = "LatestRevisionDate"; Value = "17-Jul-2002"; VariantName = "[No Variations]"
Add component (AddParameter): Name = "LatestRevisionNote"; Value = "Re-released for DXP Platform."; VariantName = "[No Variations]"
Add component (AddParameter): Name = "PackageDescription"; Value = "Thru-Hole; 2 Leads"; VariantName = "[No Variations]"
Add component (AddParameter): Name = "PackageReference"; Value = "PIN-W2/E2.8"; VariantName = "[No Variations]"
Add component (AddParameter): Name = "Published"; Value = "8-Jun-2000"; VariantName = "[No Variations]"
Add component (AddParameter): Name = "Publisher"; Value = "Altium Limited"; VariantName = "[No Variations]"
Added Component: Designator=F5(FUSE)
Add component. Clean all parameters for all variants
Add component (AddParameter): Name = "LatestRevisionDate"; Value = "17-Jul-2002"; VariantName = "[No Variations]"
Add component (AddParameter): Name = "LatestRevisionNote"; Value = "Re-released for DXP Platform."; VariantName = "[No Variations]"
Add component (AddParameter): Name = "PackageDescription"; Value = "Thru-Hole; 2 Leads"; VariantName = "[No Variations]"
Add component (AddParameter): Name = "PackageReference"; Value = "PIN-W2/E2.8"; VariantName = "[No Variations]"
Add component (AddParameter): Name = "Published"; Value = "8-Jun-2000"; VariantName = "[No Variations]"
Add component (AddParameter): Name = "Publisher"; Value = "Altium Limited"; VariantName = "[No Variations]"
Added Component: Designator=F6(FUSE)
Add component. Clean all parameters for all variants
Add component (AddParameter): Name = "LatestRevisionDate"; Value = "17-Jul-2002"; VariantName = "[No Variations]"
Add component (AddParameter): Name = "LatestRevisionNote"; Value = "Re-released for DXP Platform."; VariantName = "[No Variations]"
Add component (AddParameter): Name = "PackageDescription"; Value = "Thru-Hole; 2 Leads"; VariantName = "[No Variations]"
Add component (AddParameter): Name = "PackageReference"; Value = "PIN-W2/E2.8"; VariantName = "[No Variations]"
Add component (AddParameter): Name = "Published"; Value = "8-Jun-2000"; VariantName = "[No Variations]"
Add component (AddParameter): Name = "Publisher"; Value = "Altium Limited"; VariantName = "[No Variations]"
Added Component: Designator=F7(FUSE)
Add component. Clean all parameters for all variants
Add component (AddParameter): Name = "LatestRevisionDate"; Value = "17-Jul-2002"; VariantName = "[No Variations]"
Add component (AddParameter): Name = "LatestRevisionNote"; Value = "Re-released for DXP Platform."; VariantName = "[No Variations]"
Add component (AddParameter): Name = "PackageDescription"; Value = "Thru-Hole; 2 Leads"; VariantName = "[No Variations]"
Add component (AddParameter): Name = "PackageReference"; Value = "PIN-W2/E2.8"; VariantName = "[No Variations]"
Add component (AddParameter): Name = "Published"; Value = "8-Jun-2000"; VariantName = "[No Variations]"
Add component (AddParameter): Name = "Publisher"; Value = "Altium Limited"; VariantName = "[No Variations]"
Added Component: Designator=F8(FUSE)
Add component. Clean all parameters for all variants
Add component (AddParameter): Name = "LatestRevisionDate"; Value = "17-Jul-2002"; VariantName = "[No Variations]"
Add component (AddParameter): Name = "LatestRevisionNote"; Value = "Re-released for DXP Platform."; VariantName = "[No Variations]"
Add component (AddParameter): Name = "PackageDescription"; Value = "Thru-Hole; 2 Leads"; VariantName = "[No Variations]"
Add component (AddParameter): Name = "PackageReference"; Value = "PIN-W2/E2.8"; VariantName = "[No Variations]"
Add component (AddParameter): Name = "Published"; Value = "8-Jun-2000"; VariantName = "[No Variations]"
Add component (AddParameter): Name = "Publisher"; Value = "Altium Limited"; VariantName = "[No Variations]"
Added Pin To Net: NetName=12V_OUT Pin=F1-2
Added Pin To Net: NetName=12V_OUT Pin=F2-2
Added Pin To Net: NetName=12V_OUT Pin=F3-2
Added Pin To Net: NetName=5V_OUT Pin=F4-2
Added Pin To Net: NetName=5V_OUT Pin=F5-2
Added Pin To Net: NetName=5V_OUT Pin=F6-2
Added Pin To Net: NetName=5V_OUT Pin=F7-2
Added Pin To Net: NetName=5V_OUT Pin=F8-2
Added Pin To Net: NetName=NetF1_1 Pin=F1-1
Added Pin To Net: NetName=NetF1_1 Pin=J2-1
Added Net: Name=NetF1_1
Added Pin To Net: NetName=NetF2_1 Pin=F2-1
Added Pin To Net: NetName=NetF2_1 Pin=J2-2
Added Net: Name=NetF2_1
Added Pin To Net: NetName=NetF3_1 Pin=F3-1
Added Pin To Net: NetName=NetF3_1 Pin=J2-3
Added Net: Name=NetF3_1
Added Pin To Net: NetName=NetF4_1 Pin=F4-1
Added Pin To Net: NetName=NetF4_1 Pin=J2-4
Added Net: Name=NetF4_1
Added Pin To Net: NetName=NetF5_1 Pin=F5-1
Added Pin To Net: NetName=NetF5_1 Pin=J2-5
Added Net: Name=NetF5_1
Added Pin To Net: NetName=NetF6_1 Pin=F6-1
Added Pin To Net: NetName=NetF6_1 Pin=J2-6
Added Net: Name=NetF6_1
Added Pin To Net: NetName=NetF7_1 Pin=F7-1
Added Pin To Net: NetName=NetF7_1 Pin=J2-7
Added Net: Name=NetF7_1
Added Pin To Net: NetName=NetF8_1 Pin=F8-1
Added Pin To Net: NetName=NetF8_1 Pin=J2-8
Added Net: Name=NetF8_1
Added Member To Class: ClassName=NEW_PDB Member=Component F1 Fuse
Added Member To Class: ClassName=NEW_PDB Member=Component F2 Fuse
Added Member To Class: ClassName=NEW_PDB Member=Component F3 Fuse
Added Member To Class: ClassName=NEW_PDB Member=Component F4 Fuse
Added Member To Class: ClassName=NEW_PDB Member=Component F5 Fuse
Added Member To Class: ClassName=NEW_PDB Member=Component F6 Fuse
Added Member To Class: ClassName=NEW_PDB Member=Component F7 Fuse
Added Member To Class: ClassName=NEW_PDB Member=Component F8 Fuse
Added Room: Name=NEW_PDB
