Removed Pin From Net: NetName=FB Pin=U1-1
Removed Pin From Net: NetName=Vout 12V Pin=U1-2
Removed Pin From Net: NetName=SNS Pin=U1-3
Removed Pin From Net: NetName=GATE Pin=U1-4
Removed Pin From Net: NetName=Vin 12V Pin=U1-5
Removed Pin From Net: NetName=Vin 12V Pin=U1-6
Removed Pin From Net: NetName=OV Pin=U1-7
Removed Pin From Net: NetName=UV Pin=U1-8
Removed Pin From Net: NetName=GND Pin=U1-9
Removed Pin From Net: NetName=GND Pin=U1-10
Removed Pin From Net: NetName=TMR Pin=U1-12
Removed Member From Class: ClassName=Main Schematic Member=U1
Added Component: Designator=*(TSOP65P490X110-12N)
Add component (AddParameter): Name = "Case/Package"; Value = "TSSOP"; VariantName = "[No Variations]"
Add component (AddParameter): Name = "Category"; Value = "Voltage Supervisors"; VariantName = "[No Variations]"
Add component (AddParameter): Name = "Clamping Voltage"; Value = "27V"; VariantName = "[No Variations]"
Add component (AddParameter): Name = "ComponentLink1Description"; Value = "https://datasheet.ciiva.com/329/40854-329672.pdf?src-supplier=Digi-Key"; VariantName = "[No Variations]"
Add component (AddParameter): Name = "ComponentLink1URL"; Value = "https://datasheet.ciiva.com/329/40854-329672.pdf?src-supplier=Digi-Key"; VariantName = "[No Variations]"
Add component (AddParameter): Name = "Lead Free"; Value = "Lead Free"; VariantName = "[No Variations]"
Add component (AddParameter): Name = "Manufacturer"; Value = "Analog Devices / Linear Technology"; VariantName = "[No Variations]"
Add component (AddParameter): Name = "Manufacturer Part Number"; Value = "LT4363IMS-2#TRPBF"; VariantName = "[No Variations]"
Add component (AddParameter): Name = "Number of Circuits"; Value = "1"; VariantName = "[No Variations]"
Add component (AddParameter): Name = "Number of Pins"; Value = "12"; VariantName = "[No Variations]"
Add component (AddParameter): Name = "Package Quantity"; Value = "2500"; VariantName = "[No Variations]"
Add component (AddParameter): Name = "Packaging"; Value = "Tape and Reel"; VariantName = "[No Variations]"
Add component (AddParameter): Name = "Pricing 1"; Value = "1=6.21000, 10=5.57500, 25=5.27080, 100=4.56810, 250=4.33380, 500=3.88872, 1000=3.64650 (USD)"; VariantName = "[No Variations]"
Add component (AddParameter): Name = "RoHS"; Value = "Yes"; VariantName = "[No Variations]"
Add component (AddParameter): Name = "RoHS Compliant"; Value = "Yes"; VariantName = "[No Variations]"
Add component (AddParameter): Name = "Supplier 1"; Value = "Digi-Key"; VariantName = "[No Variations]"
Add component (AddParameter): Name = "Supplier Part Number 1"; Value = "LT4363IMS-2#TRPBFDKR-ND"; VariantName = "[No Variations]"
Add component (AddParameter): Name = "Working Voltage"; Value = "80V"; VariantName = "[No Variations]"
Added Pin To Net: NetName=FB Pin=*-1
Added Pin To Net: NetName=Vout 12V Pin=*-2
Added Pin To Net: NetName=SNS Pin=*-3
Added Pin To Net: NetName=GATE Pin=*-4
Added Pin To Net: NetName=Vin 12V Pin=*-5
Added Pin To Net: NetName=Vin 12V Pin=*-6
Added Pin To Net: NetName=OV Pin=*-7
Added Pin To Net: NetName=UV Pin=*-8
Added Pin To Net: NetName=GND Pin=*-9
Added Pin To Net: NetName=GND Pin=*-10
Added Pin To Net: NetName=TMR Pin=*-12
Added Member To Class: ClassName=Main Schematic Member=Component * U?
